info it worked if it ends with ok
verbose cli [ 'node', '/usr/bin/npm', '-g', 'install', 'expose' ]
info using npm@1.0.17
info using node@v0.4.11
verbose config file /Users/cmaury/.npmrc
verbose config file /usr/etc/npmrc
verbose into /usr/lib [ 'expose' ]
verbose cache add [ 'expose', null ]
info addNamed [ 'expose', '' ]
verbose addNamed [ null, '' ]
verbose GET expose
verbose raw, before any munging expose
verbose url resolving [ 'http://registry.npmjs.org/', './expose' ]
verbose url resolved http://registry.npmjs.org/expose
verbose url parsed { protocol: 'http:',
verbose url parsed   slashes: true,
verbose url parsed   host: 'registry.npmjs.org',
verbose url parsed   hostname: 'registry.npmjs.org',
verbose url parsed   href: 'http://registry.npmjs.org/expose',
verbose url parsed   pathname: '/expose' }
verbose response http://registry.npmjs.org/expose
silly chunk {"error":"ucs","reason":"{bad_utf8_character_code}"}
silly chunk 
silly get cb [ 500,
silly get cb   { server: 'CouchDB/1.1.0 (Erlang OTP/R14B04)',
silly get cb     date: 'Wed, 29 Feb 2012 16:51:25 GMT',
silly get cb     'content-type': 'application/json',
silly get cb     'content-length': '53',
silly get cb     'cache-control': 'must-revalidate' } ]
ERR! Error: ucs {bad_utf8_character_code}: expose
ERR!     at IncomingMessage.<anonymous> (/usr/lib/node_modules/npm/lib/utils/npm-registry-client/request.js:177:16)
ERR!     at IncomingMessage.emit (events.js:81:20)
ERR!     at HTTPParser.onMessageComplete (http.js:133:23)
ERR!     at Socket.ondata (http.js:1231:22)
ERR!     at Socket._onReadable (net.js:683:27)
ERR!     at IOWatcher.onReadable [as callback] (net.js:177:10)
ERR! Report this *entire* log at:
ERR!     <http://github.com/isaacs/npm/issues>
ERR! or email it to:
ERR!     <npm-@googlegroups.com>
ERR! 
ERR! System Darwin 11.3.0
ERR! command "node" "/usr/bin/npm" "-g" "install" "expose"
ERR! cwd /Users/cmaury/Dropbox/dev/karmawhoring/karma_by_subreddit
ERR! node -v v0.4.11
ERR! npm -v 1.0.17
verbose exit [ 1, true ]
